device: cuda
loaded 2 shards, 291035 samples
train 247380 / val 43655 (data on cuda)
ep 1/20  train p=1.5147 v=0.9441  | val p=1.4750 v=0.8755 top1=48.5%
ep 2/20  train p=1.4600 v=0.8451  | val p=1.4544 v=0.8096 top1=48.3%
ep 3/20  train p=1.4308 v=0.7423  | val p=1.4059 v=0.6859 top1=50.2%
ep 4/20  train p=1.3930 v=0.6762  | val p=1.3815 v=0.6410 top1=51.5%
ep 5/20  train p=1.3656 v=0.6314  | val p=1.3591 v=0.6386 top1=52.5%
ep 6/20  train p=1.3308 v=0.5916  | val p=1.3315 v=0.5696 top1=53.7%
ep 7/20  train p=1.3025 v=0.5382  | val p=1.3002 v=0.5205 top1=54.4%
ep 8/20  train p=1.2778 v=0.4777  | val p=1.2795 v=0.4639 top1=55.1%
ep 9/20  train p=1.2569 v=0.4155  | val p=1.2670 v=0.4180 top1=55.6%
ep 10/20  train p=1.2367 v=0.3440  | val p=1.2567 v=0.3438 top1=55.9%
ep 11/20  train p=1.2168 v=0.2740  | val p=1.2459 v=0.2682 top1=56.2%
ep 12/20  train p=1.1958 v=0.2142  | val p=1.2380 v=0.2218 top1=56.7%
ep 13/20  train p=1.1716 v=0.1640  | val p=1.2336 v=0.1823 top1=56.8%
ep 14/20  train p=1.1448 v=0.1190  | val p=1.2384 v=0.1496 top1=57.1%
ep 15/20  train p=1.1112 v=0.0880  | val p=1.2454 v=0.1289 top1=57.0%
ep 16/20  train p=1.0716 v=0.0645  | val p=1.2742 v=0.1137 top1=56.8%
ep 17/20  train p=1.0278 v=0.0488  | val p=1.3224 v=0.1044 top1=56.7%
ep 18/20  train p=0.9849 v=0.0402  | val p=1.3973 v=0.1015 top1=56.6%
ep 19/20  train p=0.9522 v=0.0355  | val p=1.4737 v=0.1016 top1=56.4%
ep 20/20  train p=0.9349 v=0.0338  | val p=1.5064 v=0.1018 top1=56.3%

==== GATES ====
policy top-1 vs search : net 56.3%  |  heuristic prior 37.5%
value MAE              : net 0.074  |  predict-mean baseline 0.992
policy gate: PASS   value gate: PASS
exported track1_search/train/model_bc_big.npz
